<?xml version="1.0" encoding="UTF-8"?>
<coverage generated="1763967067035" clover="3.2.0">
  <project timestamp="1763967067035" name="All files">
    <metrics statements="58" coveredstatements="54" conditionals="37" coveredconditionals="36" methods="23" coveredmethods="19" elements="118" coveredelements="109" complexity="0" loc="58" ncloc="58" packages="2" files="3" classes="3"/>
    <package name="src">
      <metrics statements="3" coveredstatements="0" conditionals="0" coveredconditionals="0" methods="3" coveredmethods="0"/>
      <file name="App.jsx" path="/home/wildan/Documents/interview-project/task-3-test/src/App.jsx">
        <metrics statements="3" coveredstatements="0" conditionals="0" coveredconditionals="0" methods="3" coveredmethods="0"/>
        <line num="7" count="0" type="stmt"/>
        <line num="9" count="0" type="stmt"/>
        <line num="21" count="0" type="stmt"/>
      </file>
    </package>
    <package name="src.components">
      <metrics statements="55" coveredstatements="54" conditionals="37" coveredconditionals="36" methods="20" coveredmethods="19"/>
      <file name="TodoList.jsx" path="/home/wildan/Documents/interview-project/task-3-test/src/components/TodoList.jsx">
        <metrics statements="29" coveredstatements="28" conditionals="25" coveredconditionals="24" methods="17" coveredmethods="16"/>
        <line num="7" count="1" type="cond" truecount="1" falsecount="0"/>
        <line num="8" count="84" type="stmt"/>
        <line num="9" count="84" type="stmt"/>
        <line num="10" count="84" type="stmt"/>
        <line num="12" count="84" type="stmt"/>
        <line num="13" count="7" type="cond" truecount="2" falsecount="0"/>
        <line num="14" count="5" type="stmt"/>
        <line num="15" count="5" type="stmt"/>
        <line num="19" count="84" type="stmt"/>
        <line num="20" count="2" type="stmt"/>
        <line num="21" count="2" type="cond" truecount="1" falsecount="1"/>
        <line num="25" count="84" type="stmt"/>
        <line num="26" count="1" type="stmt"/>
        <line num="29" count="84" type="stmt"/>
        <line num="30" count="54" type="cond" truecount="2" falsecount="0"/>
        <line num="31" count="52" type="cond" truecount="2" falsecount="0"/>
        <line num="32" count="50" type="stmt"/>
        <line num="35" count="84" type="stmt"/>
        <line num="36" count="84" type="stmt"/>
        <line num="38" count="84" type="stmt"/>
        <line num="46" count="59" type="stmt"/>
        <line num="47" count="60" type="cond" truecount="2" falsecount="0"/>
        <line num="59" count="0" type="stmt"/>
        <line num="66" count="2" type="stmt"/>
        <line num="73" count="2" type="stmt"/>
        <line num="88" count="52" type="stmt"/>
        <line num="92" count="2" type="stmt"/>
        <line num="100" count="1" type="stmt"/>
        <line num="114" count="1" type="stmt"/>
      </file>
      <file name="UserProfile.jsx" path="/home/wildan/Documents/interview-project/task-3-test/src/components/UserProfile.jsx">
        <metrics statements="26" coveredstatements="26" conditionals="12" coveredconditionals="12" methods="3" coveredmethods="3"/>
        <line num="7" count="1" type="stmt"/>
        <line num="8" count="38" type="stmt"/>
        <line num="9" count="38" type="stmt"/>
        <line num="10" count="38" type="stmt"/>
        <line num="12" count="38" type="stmt"/>
        <line num="13" count="16" type="cond" truecount="2" falsecount="0"/>
        <line num="15" count="15" type="stmt"/>
        <line num="16" count="15" type="stmt"/>
        <line num="18" count="15" type="stmt"/>
        <line num="19" count="15" type="stmt"/>
        <line num="21" count="10" type="cond" truecount="2" falsecount="0"/>
        <line num="22" count="1" type="stmt"/>
        <line num="25" count="9" type="stmt"/>
        <line num="26" count="9" type="stmt"/>
        <line num="28" count="4" type="stmt"/>
        <line num="30" count="13" type="stmt"/>
        <line num="34" count="38" type="stmt"/>
        <line num="35" count="15" type="stmt"/>
        <line num="38" count="38" type="cond" truecount="2" falsecount="0"/>
        <line num="39" count="15" type="stmt"/>
        <line num="46" count="23" type="cond" truecount="2" falsecount="0"/>
        <line num="47" count="4" type="stmt"/>
        <line num="57" count="19" type="cond" truecount="2" falsecount="0"/>
        <line num="58" count="12" type="stmt"/>
        <line num="61" count="7" type="stmt"/>
        <line num="77" count="1" type="stmt"/>
      </file>
    </package>
  </project>
</coverage>
