{"/home/wildan/Documents/interview-project/task-3-test/src/App.jsx": {"path":"/home/wildan/Documents/interview-project/task-3-test/src/App.jsx","statementMap":{"0":{"start":{"line":7,"column":28},"end":{"line":7,"column":39}},"1":{"start":{"line":9,"column":2},"end":{"line":32,"column":3}},"2":{"start":{"line":21,"column":31},"end":{"line":21,"column":61}},"3":{"start":{"line":21,"column":51},"end":{"line":21,"column":60}}},"fnMap":{"0":{"name":"App","decl":{"start":{"line":6,"column":9},"end":{"line":6,"column":12}},"loc":{"start":{"line":6,"column":15},"end":{"line":33,"column":1}},"line":6},"1":{"name":"(anonymous_1)","decl":{"start":{"line":21,"column":25},"end":{"line":21,"column":26}},"loc":{"start":{"line":21,"column":31},"end":{"line":21,"column":61}},"line":21},"2":{"name":"(anonymous_2)","decl":{"start":{"line":21,"column":40},"end":{"line":21,"column":41}},"loc":{"start":{"line":21,"column":51},"end":{"line":21,"column":60}},"line":21}},"branchMap":{},"s":{"0":0,"1":0,"2":0,"3":0},"f":{"0":0,"1":0,"2":0},"b":{}}
,"/home/wildan/Documents/interview-project/task-3-test/src/components/TodoList.jsx": {"path":"/home/wildan/Documents/interview-project/task-3-test/src/components/TodoList.jsx","statementMap":{"0":{"start":{"line":7,"column":17},"end":{"line":112,"column":1}},"1":{"start":{"line":8,"column":28},"end":{"line":8,"column":50}},"2":{"start":{"line":9,"column":38},"end":{"line":9,"column":50}},"3":{"start":{"line":10,"column":30},"end":{"line":10,"column":45}},"4":{"start":{"line":12,"column":18},"end":{"line":17,"column":3}},"5":{"start":{"line":13,"column":4},"end":{"line":16,"column":5}},"6":{"start":{"line":14,"column":6},"end":{"line":14,"column":83}},"7":{"start":{"line":15,"column":6},"end":{"line":15,"column":24}},"8":{"start":{"line":19,"column":21},"end":{"line":23,"column":3}},"9":{"start":{"line":20,"column":4},"end":{"line":22,"column":7}},"10":{"start":{"line":21,"column":6},"end":{"line":21,"column":69}},"11":{"start":{"line":25,"column":21},"end":{"line":27,"column":3}},"12":{"start":{"line":26,"column":4},"end":{"line":26,"column":51}},"13":{"start":{"line":26,"column":34},"end":{"line":26,"column":48}},"14":{"start":{"line":29,"column":24},"end":{"line":33,"column":4}},"15":{"start":{"line":30,"column":4},"end":{"line":30,"column":52}},"16":{"start":{"line":30,"column":29},"end":{"line":30,"column":52}},"17":{"start":{"line":31,"column":4},"end":{"line":31,"column":54}},"18":{"start":{"line":31,"column":32},"end":{"line":31,"column":54}},"19":{"start":{"line":32,"column":4},"end":{"line":32,"column":16}},"20":{"start":{"line":35,"column":22},"end":{"line":35,"column":60}},"21":{"start":{"line":35,"column":40},"end":{"line":35,"column":52}},"22":{"start":{"line":36,"column":25},"end":{"line":36,"column":62}},"23":{"start":{"line":36,"column":43},"end":{"line":36,"column":54}},"24":{"start":{"line":38,"column":2},"end":{"line":111,"column":4}},"25":{"start":{"line":46,"column":27},"end":{"line":46,"column":56}},"26":{"start":{"line":47,"column":29},"end":{"line":47,"column":59}},"27":{"start":{"line":59,"column":25},"end":{"line":59,"column":41}},"28":{"start":{"line":66,"column":25},"end":{"line":66,"column":44}},"29":{"start":{"line":73,"column":25},"end":{"line":73,"column":47}},"30":{"start":{"line":88,"column":12},"end":{"line":106,"column":17}},"31":{"start":{"line":92,"column":32},"end":{"line":92,"column":51}},"32":{"start":{"line":100,"column":31},"end":{"line":100,"column":50}},"33":{"start":{"line":114,"column":0},"end":{"line":120,"column":2}}},"fnMap":{"0":{"name":"(anonymous_0)","decl":{"start":{"line":7,"column":17},"end":{"line":7,"column":18}},"loc":{"start":{"line":7,"column":44},"end":{"line":112,"column":1}},"line":7},"1":{"name":"(anonymous_1)","decl":{"start":{"line":12,"column":18},"end":{"line":12,"column":19}},"loc":{"start":{"line":12,"column":24},"end":{"line":17,"column":3}},"line":12},"2":{"name":"(anonymous_2)","decl":{"start":{"line":19,"column":21},"end":{"line":19,"column":22}},"loc":{"start":{"line":19,"column":29},"end":{"line":23,"column":3}},"line":19},"3":{"name":"(anonymous_3)","decl":{"start":{"line":20,"column":23},"end":{"line":20,"column":24}},"loc":{"start":{"line":21,"column":6},"end":{"line":21,"column":69}},"line":21},"4":{"name":"(anonymous_4)","decl":{"start":{"line":25,"column":21},"end":{"line":25,"column":22}},"loc":{"start":{"line":25,"column":29},"end":{"line":27,"column":3}},"line":25},"5":{"name":"(anonymous_5)","decl":{"start":{"line":26,"column":26},"end":{"line":26,"column":27}},"loc":{"start":{"line":26,"column":34},"end":{"line":26,"column":48}},"line":26},"6":{"name":"(anonymous_6)","decl":{"start":{"line":29,"column":37},"end":{"line":29,"column":38}},"loc":{"start":{"line":29,"column":45},"end":{"line":33,"column":3}},"line":29},"7":{"name":"(anonymous_7)","decl":{"start":{"line":35,"column":35},"end":{"line":35,"column":36}},"loc":{"start":{"line":35,"column":40},"end":{"line":35,"column":52}},"line":35},"8":{"name":"(anonymous_8)","decl":{"start":{"line":36,"column":38},"end":{"line":36,"column":39}},"loc":{"start":{"line":36,"column":43},"end":{"line":36,"column":54}},"line":36},"9":{"name":"(anonymous_9)","decl":{"start":{"line":46,"column":20},"end":{"line":46,"column":21}},"loc":{"start":{"line":46,"column":27},"end":{"line":46,"column":56}},"line":46},"10":{"name":"(anonymous_10)","decl":{"start":{"line":47,"column":22},"end":{"line":47,"column":23}},"loc":{"start":{"line":47,"column":29},"end":{"line":47,"column":59}},"line":47},"11":{"name":"(anonymous_11)","decl":{"start":{"line":59,"column":19},"end":{"line":59,"column":20}},"loc":{"start":{"line":59,"column":25},"end":{"line":59,"column":41}},"line":59},"12":{"name":"(anonymous_12)","decl":{"start":{"line":66,"column":19},"end":{"line":66,"column":20}},"loc":{"start":{"line":66,"column":25},"end":{"line":66,"column":44}},"line":66},"13":{"name":"(anonymous_13)","decl":{"start":{"line":73,"column":19},"end":{"line":73,"column":20}},"loc":{"start":{"line":73,"column":25},"end":{"line":73,"column":47}},"line":73},"14":{"name":"(anonymous_14)","decl":{"start":{"line":87,"column":29},"end":{"line":87,"column":30}},"loc":{"start":{"line":88,"column":12},"end":{"line":106,"column":17}},"line":88},"15":{"name":"(anonymous_15)","decl":{"start":{"line":92,"column":26},"end":{"line":92,"column":27}},"loc":{"start":{"line":92,"column":32},"end":{"line":92,"column":51}},"line":92},"16":{"name":"(anonymous_16)","decl":{"start":{"line":100,"column":25},"end":{"line":100,"column":26}},"loc":{"start":{"line":100,"column":31},"end":{"line":100,"column":50}},"line":100}},"branchMap":{"0":{"loc":{"start":{"line":7,"column":20},"end":{"line":7,"column":37}},"type":"default-arg","locations":[{"start":{"line":7,"column":35},"end":{"line":7,"column":37}}],"line":7},"1":{"loc":{"start":{"line":13,"column":4},"end":{"line":16,"column":5}},"type":"if","locations":[{"start":{"line":13,"column":4},"end":{"line":16,"column":5}},{"start":{},"end":{}}],"line":13},"2":{"loc":{"start":{"line":21,"column":6},"end":{"line":21,"column":69}},"type":"cond-expr","locations":[{"start":{"line":21,"column":23},"end":{"line":21,"column":62}},{"start":{"line":21,"column":65},"end":{"line":21,"column":69}}],"line":21},"3":{"loc":{"start":{"line":30,"column":4},"end":{"line":30,"column":52}},"type":"if","locations":[{"start":{"line":30,"column":4},"end":{"line":30,"column":52}},{"start":{},"end":{}}],"line":30},"4":{"loc":{"start":{"line":31,"column":4},"end":{"line":31,"column":54}},"type":"if","locations":[{"start":{"line":31,"column":4},"end":{"line":31,"column":54}},{"start":{},"end":{}}],"line":31},"5":{"loc":{"start":{"line":47,"column":29},"end":{"line":47,"column":59}},"type":"binary-expr","locations":[{"start":{"line":47,"column":29},"end":{"line":47,"column":46}},{"start":{"line":47,"column":50},"end":{"line":47,"column":59}}],"line":47},"6":{"loc":{"start":{"line":60,"column":21},"end":{"line":60,"column":53}},"type":"cond-expr","locations":[{"start":{"line":60,"column":40},"end":{"line":60,"column":48}},{"start":{"line":60,"column":51},"end":{"line":60,"column":53}}],"line":60},"7":{"loc":{"start":{"line":67,"column":21},"end":{"line":67,"column":56}},"type":"cond-expr","locations":[{"start":{"line":67,"column":43},"end":{"line":67,"column":51}},{"start":{"line":67,"column":54},"end":{"line":67,"column":56}}],"line":67},"8":{"loc":{"start":{"line":74,"column":21},"end":{"line":74,"column":59}},"type":"cond-expr","locations":[{"start":{"line":74,"column":46},"end":{"line":74,"column":54}},{"start":{"line":74,"column":57},"end":{"line":74,"column":59}}],"line":74},"9":{"loc":{"start":{"line":81,"column":7},"end":{"line":109,"column":7}},"type":"cond-expr","locations":[{"start":{"line":82,"column":8},"end":{"line":84,"column":12}},{"start":{"line":86,"column":8},"end":{"line":108,"column":13}}],"line":81},"10":{"loc":{"start":{"line":83,"column":11},"end":{"line":83,"column":69}},"type":"cond-expr","locations":[{"start":{"line":83,"column":30},"end":{"line":83,"column":45}},{"start":{"line":83,"column":48},"end":{"line":83,"column":69}}],"line":83},"11":{"loc":{"start":{"line":93,"column":54},"end":{"line":93,"column":96}},"type":"cond-expr","locations":[{"start":{"line":93,"column":71},"end":{"line":93,"column":83}},{"start":{"line":93,"column":86},"end":{"line":93,"column":96}}],"line":93},"12":{"loc":{"start":{"line":96,"column":31},"end":{"line":96,"column":64}},"type":"cond-expr","locations":[{"start":{"line":96,"column":48},"end":{"line":96,"column":59}},{"start":{"line":96,"column":62},"end":{"line":96,"column":64}}],"line":96}},"s":{"0":1,"1":84,"2":84,"3":84,"4":84,"5":7,"6":5,"7":5,"8":84,"9":2,"10":2,"11":84,"12":1,"13":1,"14":84,"15":54,"16":2,"17":52,"18":2,"19":50,"20":84,"21":54,"22":84,"23":54,"24":84,"25":59,"26":60,"27":0,"28":2,"29":2,"30":52,"31":2,"32":1,"33":1},"f":{"0":84,"1":7,"2":2,"3":2,"4":1,"5":1,"6":54,"7":54,"8":54,"9":59,"10":60,"11":0,"12":2,"13":2,"14":52,"15":2,"16":1},"b":{"0":[73],"1":[5,2],"2":[2,0],"3":[2,52],"4":[2,50],"5":[60,1],"6":[80,4],"7":[2,82],"8":[2,82],"9":[48,36],"10":[46,2],"11":[5,47],"12":[5,47]},"_coverageSchema":"1a1c01bbd47fc00a2c39e90264f33305004495a9","hash":"2fad6bc9e74b0850e0b4d122e34b743d240cafc4"}
,"/home/wildan/Documents/interview-project/task-3-test/src/components/UserProfile.jsx": {"path":"/home/wildan/Documents/interview-project/task-3-test/src/components/UserProfile.jsx","statementMap":{"0":{"start":{"line":7,"column":20},"end":{"line":75,"column":1}},"1":{"start":{"line":8,"column":26},"end":{"line":8,"column":40}},"2":{"start":{"line":9,"column":32},"end":{"line":9,"column":47}},"3":{"start":{"line":10,"column":28},"end":{"line":10,"column":42}},"4":{"start":{"line":12,"column":20},"end":{"line":32,"column":3}},"5":{"start":{"line":13,"column":4},"end":{"line":13,"column":24}},"6":{"start":{"line":13,"column":17},"end":{"line":13,"column":24}},"7":{"start":{"line":15,"column":4},"end":{"line":15,"column":21}},"8":{"start":{"line":16,"column":4},"end":{"line":16,"column":19}},"9":{"start":{"line":18,"column":4},"end":{"line":31,"column":5}},"10":{"start":{"line":19,"column":23},"end":{"line":19,"column":90}},"11":{"start":{"line":21,"column":6},"end":{"line":23,"column":7}},"12":{"start":{"line":22,"column":8},"end":{"line":22,"column":66}},"13":{"start":{"line":25,"column":19},"end":{"line":25,"column":40}},"14":{"start":{"line":26,"column":6},"end":{"line":26,"column":20}},"15":{"start":{"line":28,"column":6},"end":{"line":28,"column":28}},"16":{"start":{"line":30,"column":6},"end":{"line":30,"column":24}},"17":{"start":{"line":34,"column":2},"end":{"line":36,"column":15}},"18":{"start":{"line":35,"column":4},"end":{"line":35,"column":16}},"19":{"start":{"line":38,"column":2},"end":{"line":44,"column":3}},"20":{"start":{"line":39,"column":4},"end":{"line":43,"column":6}},"21":{"start":{"line":46,"column":2},"end":{"line":55,"column":3}},"22":{"start":{"line":47,"column":4},"end":{"line":54,"column":6}},"23":{"start":{"line":57,"column":2},"end":{"line":59,"column":3}},"24":{"start":{"line":58,"column":4},"end":{"line":58,"column":61}},"25":{"start":{"line":61,"column":2},"end":{"line":74,"column":4}},"26":{"start":{"line":77,"column":0},"end":{"line":79,"column":2}}},"fnMap":{"0":{"name":"(anonymous_0)","decl":{"start":{"line":7,"column":20},"end":{"line":7,"column":21}},"loc":{"start":{"line":7,"column":36},"end":{"line":75,"column":1}},"line":7},"1":{"name":"(anonymous_1)","decl":{"start":{"line":12,"column":20},"end":{"line":12,"column":21}},"loc":{"start":{"line":12,"column":32},"end":{"line":32,"column":3}},"line":12},"2":{"name":"(anonymous_2)","decl":{"start":{"line":34,"column":12},"end":{"line":34,"column":13}},"loc":{"start":{"line":34,"column":18},"end":{"line":36,"column":3}},"line":34}},"branchMap":{"0":{"loc":{"start":{"line":13,"column":4},"end":{"line":13,"column":24}},"type":"if","locations":[{"start":{"line":13,"column":4},"end":{"line":13,"column":24}},{"start":{},"end":{}}],"line":13},"1":{"loc":{"start":{"line":21,"column":6},"end":{"line":23,"column":7}},"type":"if","locations":[{"start":{"line":21,"column":6},"end":{"line":23,"column":7}},{"start":{},"end":{}}],"line":21},"2":{"loc":{"start":{"line":38,"column":2},"end":{"line":44,"column":3}},"type":"if","locations":[{"start":{"line":38,"column":2},"end":{"line":44,"column":3}},{"start":{},"end":{}}],"line":38},"3":{"loc":{"start":{"line":46,"column":2},"end":{"line":55,"column":3}},"type":"if","locations":[{"start":{"line":46,"column":2},"end":{"line":55,"column":3}},{"start":{},"end":{}}],"line":46},"4":{"loc":{"start":{"line":57,"column":2},"end":{"line":59,"column":3}},"type":"if","locations":[{"start":{"line":57,"column":2},"end":{"line":59,"column":3}},{"start":{},"end":{}}],"line":57},"5":{"loc":{"start":{"line":67,"column":7},"end":{"line":72,"column":7}},"type":"binary-expr","locations":[{"start":{"line":67,"column":7},"end":{"line":67,"column":19}},{"start":{"line":68,"column":8},"end":{"line":71,"column":14}}],"line":67}},"s":{"0":1,"1":38,"2":38,"3":38,"4":38,"5":16,"6":1,"7":15,"8":15,"9":15,"10":15,"11":10,"12":1,"13":9,"14":9,"15":4,"16":13,"17":38,"18":15,"19":38,"20":15,"21":23,"22":4,"23":19,"24":12,"25":7,"26":1},"f":{"0":38,"1":16,"2":15},"b":{"0":[1,15],"1":[1,9],"2":[15,23],"3":[4,19],"4":[12,7],"5":[7,1]},"_coverageSchema":"1a1c01bbd47fc00a2c39e90264f33305004495a9","hash":"7b9eed3141790c2fefdfda92eb5d7aa6df5136e0"}
}
