TN:
SF:src/App.jsx
FN:6,App
FN:21,(anonymous_1)
FN:21,(anonymous_2)
FNF:3
FNH:0
FNDA:0,App
FNDA:0,(anonymous_1)
FNDA:0,(anonymous_2)
DA:7,0
DA:9,0
DA:21,0
LF:3
LH:0
BRF:0
BRH:0
end_of_record
TN:
SF:src/components/TodoList.jsx
FN:7,(anonymous_0)
FN:12,(anonymous_1)
FN:19,(anonymous_2)
FN:20,(anonymous_3)
FN:25,(anonymous_4)
FN:26,(anonymous_5)
FN:29,(anonymous_6)
FN:35,(anonymous_7)
FN:36,(anonymous_8)
FN:46,(anonymous_9)
FN:47,(anonymous_10)
FN:59,(anonymous_11)
FN:66,(anonymous_12)
FN:73,(anonymous_13)
FN:87,(anonymous_14)
FN:92,(anonymous_15)
FN:100,(anonymous_16)
FNF:17
FNH:16
FNDA:84,(anonymous_0)
FNDA:7,(anonymous_1)
FNDA:2,(anonymous_2)
FNDA:2,(anonymous_3)
FNDA:1,(anonymous_4)
FNDA:1,(anonymous_5)
FNDA:54,(anonymous_6)
FNDA:54,(anonymous_7)
FNDA:54,(anonymous_8)
FNDA:59,(anonymous_9)
FNDA:60,(anonymous_10)
FNDA:0,(anonymous_11)
FNDA:2,(anonymous_12)
FNDA:2,(anonymous_13)
FNDA:52,(anonymous_14)
FNDA:2,(anonymous_15)
FNDA:1,(anonymous_16)
DA:7,1
DA:8,84
DA:9,84
DA:10,84
DA:12,84
DA:13,7
DA:14,5
DA:15,5
DA:19,84
DA:20,2
DA:21,2
DA:25,84
DA:26,1
DA:29,84
DA:30,54
DA:31,52
DA:32,50
DA:35,84
DA:36,84
DA:38,84
DA:46,59
DA:47,60
DA:59,0
DA:66,2
DA:73,2
DA:88,52
DA:92,2
DA:100,1
DA:114,1
LF:29
LH:28
BRDA:7,0,0,73
BRDA:13,1,0,5
BRDA:13,1,1,2
BRDA:21,2,0,2
BRDA:21,2,1,0
BRDA:30,3,0,2
BRDA:30,3,1,52
BRDA:31,4,0,2
BRDA:31,4,1,50
BRDA:47,5,0,60
BRDA:47,5,1,1
BRDA:60,6,0,80
BRDA:60,6,1,4
BRDA:67,7,0,2
BRDA:67,7,1,82
BRDA:74,8,0,2
BRDA:74,8,1,82
BRDA:81,9,0,48
BRDA:81,9,1,36
BRDA:83,10,0,46
BRDA:83,10,1,2
BRDA:93,11,0,5
BRDA:93,11,1,47
BRDA:96,12,0,5
BRDA:96,12,1,47
BRF:25
BRH:24
end_of_record
TN:
SF:src/components/UserProfile.jsx
FN:7,(anonymous_0)
FN:12,(anonymous_1)
FN:34,(anonymous_2)
FNF:3
FNH:3
FNDA:38,(anonymous_0)
FNDA:16,(anonymous_1)
FNDA:15,(anonymous_2)
DA:7,1
DA:8,38
DA:9,38
DA:10,38
DA:12,38
DA:13,16
DA:15,15
DA:16,15
DA:18,15
DA:19,15
DA:21,10
DA:22,1
DA:25,9
DA:26,9
DA:28,4
DA:30,13
DA:34,38
DA:35,15
DA:38,38
DA:39,15
DA:46,23
DA:47,4
DA:57,19
DA:58,12
DA:61,7
DA:77,1
LF:26
LH:26
BRDA:13,0,0,1
BRDA:13,0,1,15
BRDA:21,1,0,1
BRDA:21,1,1,9
BRDA:38,2,0,15
BRDA:38,2,1,23
BRDA:46,3,0,4
BRDA:46,3,1,19
BRDA:57,4,0,12
BRDA:57,4,1,7
BRDA:67,5,0,7
BRDA:67,5,1,1
BRF:12
BRH:12
end_of_record
